[    72.870] 
X.Org X Server 1.21.1.8
X Protocol Version 11, Revision 0
[    72.871] Current Operating System: Linux harwch 6.3.5-arch1-1 #1 SMP PREEMPT_DYNAMIC Tue, 30 May 2023 13:44:01 +0000 x86_64
[    72.871] Kernel command line: BOOT_IMAGE=/boot/vmlinuz-linux root=UUID=0e5a38ef-8ccc-49d2-aabc-1e1f6eefaee1 rw loglevel=3 quiet
[    72.872]  
[    72.872] Current version of pixman: 0.42.2
[    72.872] 	Before reporting problems, check http://wiki.x.org
	to make sure that you have the latest version.
[    72.872] Markers: (--) probed, (**) from config file, (==) default setting,
	(++) from command line, (!!) notice, (II) informational,
	(WW) warning, (EE) error, (NI) not implemented, (??) unknown.
[    72.873] (==) Log file: "/home/harw/.local/share/xorg/Xorg.0.log", Time: Tue Jun  6 10:31:26 2023
[    72.898] (==) Using system config directory "/usr/share/X11/xorg.conf.d"
[    72.919] (==) No Layout section.  Using the first Screen section.
[    72.919] (==) No screen section available. Using defaults.
[    72.919] (**) |-->Screen "Default Screen Section" (0)
[    72.919] (**) |   |-->Monitor "<default monitor>"
[    72.919] (==) No monitor specified for screen "Default Screen Section".
	Using a default monitor configuration.
[    72.919] (==) Automatically adding devices
[    72.919] (==) Automatically enabling devices
[    72.919] (==) Automatically adding GPU devices
[    72.919] (==) Automatically binding GPU devices
[    72.930] (==) Max clients allowed: 256, resource mask: 0x1fffff
[    72.987] (WW) The directory "/usr/share/fonts/OTF" does not exist.
[    72.987] 	Entry deleted from font path.
[    72.987] (WW) The directory "/usr/share/fonts/Type1" does not exist.
[    72.987] 	Entry deleted from font path.
[    73.004] (==) FontPath set to:
	/usr/share/fonts/misc,
	/usr/share/fonts/TTF,
	/usr/share/fonts/100dpi,
	/usr/share/fonts/75dpi
[    73.004] (==) ModulePath set to "/usr/lib/xorg/modules"
[    73.004] (II) The server relies on udev to provide the list of input devices.
	If no devices become available, reconfigure udev or disable AutoAddDevices.
[    73.004] (II) Module ABI versions:
[    73.004] 	X.Org ANSI C Emulation: 0.4
[    73.005] 	X.Org Video Driver: 25.2
[    73.005] 	X.Org XInput driver : 24.4
[    73.005] 	X.Org Server Extension : 10.0
[    73.026] (++) using VT number 2

[    73.026] (--) controlling tty is VT number 2, auto-enabling KeepTty
[    73.031] (II) systemd-logind: took control of session /org/freedesktop/login1/session/_31
[    73.034] (II) xfree86: Adding drm device (/dev/dri/card0)
[    73.034] (II) Platform probe for /sys/devices/pci0000:00/0000:00:02.0/drm/card0
[    73.036] (II) systemd-logind: got fd for /dev/dri/card0 226:0 fd 13 paused 0
[    73.043] (--) PCI:*(0@0:2:0) 8086:0156:1179:fa50 rev 9, Mem @ 0xc0000000/4194304, 0xb0000000/268435456, I/O @ 0x00003000/64, BIOS @ 0x????????/131072
[    73.043] (WW) Open ACPI failed (/var/run/acpid.socket) (No such file or directory)
[    73.043] (II) LoadModule: "glx"
[    73.075] (II) Loading /usr/lib/xorg/modules/extensions/libglx.so
[    73.164] (II) Module glx: vendor="X.Org Foundation"
[    73.164] 	compiled for 1.21.1.8, module version = 1.0.0
[    73.164] 	ABI class: X.Org Server Extension, version 10.0
[    73.165] (==) Matched intel as autoconfigured driver 0
[    73.165] (==) Matched modesetting as autoconfigured driver 1
[    73.165] (==) Matched fbdev as autoconfigured driver 2
[    73.165] (==) Matched vesa as autoconfigured driver 3
[    73.165] (==) Assigned the driver to the xf86ConfigLayout
[    73.165] (II) LoadModule: "intel"
[    73.205] (WW) Warning, couldn't open module intel
[    73.205] (EE) Failed to load module "intel" (module does not exist, 0)
[    73.205] (II) LoadModule: "modesetting"
[    73.206] (II) Loading /usr/lib/xorg/modules/drivers/modesetting_drv.so
[    73.316] (II) Module modesetting: vendor="X.Org Foundation"
[    73.316] 	compiled for 1.21.1.8, module version = 1.21.1
[    73.316] 	Module class: X.Org Video Driver
[    73.316] 	ABI class: X.Org Video Driver, version 25.2
[    73.316] (II) LoadModule: "fbdev"
[    73.316] (II) Loading /usr/lib/xorg/modules/drivers/fbdev_drv.so
[    73.331] (II) Module fbdev: vendor="X.Org Foundation"
[    73.331] 	compiled for 1.21.1.1, module version = 0.5.0
[    73.331] 	Module class: X.Org Video Driver
[    73.331] 	ABI class: X.Org Video Driver, version 25.2
[    73.331] (II) LoadModule: "vesa"
[    73.332] (II) Loading /usr/lib/xorg/modules/drivers/vesa_drv.so
[    73.339] (II) Module vesa: vendor="X.Org Foundation"
[    73.339] 	compiled for 1.21.1.4, module version = 2.6.0
[    73.339] 	Module class: X.Org Video Driver
[    73.339] 	ABI class: X.Org Video Driver, version 25.2
[    73.339] (II) modesetting: Driver for Modesetting Kernel Drivers: kms
[    73.339] (II) FBDEV: driver for framebuffer: fbdev
[    73.339] (II) VESA: driver for VESA chipsets: vesa
[    73.339] xf86EnableIO: failed to enable I/O ports 0000-03ff (Operation not permitted)
[    73.339] (II) modeset(0): using drv /dev/dri/card0
[    73.340] (WW) Falling back to old probe method for fbdev
[    73.340] (II) Loading sub module "fbdevhw"
[    73.340] (II) LoadModule: "fbdevhw"
[    73.340] (II) Loading /usr/lib/xorg/modules/libfbdevhw.so
[    73.357] (II) Module fbdevhw: vendor="X.Org Foundation"
[    73.357] 	compiled for 1.21.1.8, module version = 0.0.2
[    73.357] 	ABI class: X.Org Video Driver, version 25.2
[    73.357] (EE) open /dev/fb0: Permission denied
[    73.357] (WW) VGA arbiter: cannot open kernel arbiter, no multi-card support
[    73.358] (II) modeset(0): Creating default Display subsection in Screen section
	"Default Screen Section" for depth/fbbpp 24/32
[    73.358] (==) modeset(0): Depth 24, (==) framebuffer bpp 32
[    73.358] (==) modeset(0): RGB weight 888
[    73.358] (==) modeset(0): Default visual is TrueColor
[    73.358] (II) Loading sub module "glamoregl"
[    73.358] (II) LoadModule: "glamoregl"
[    73.358] (II) Loading /usr/lib/xorg/modules/libglamoregl.so
[    73.446] (II) Module glamoregl: vendor="X.Org Foundation"
[    73.446] 	compiled for 1.21.1.8, module version = 1.0.1
[    73.446] 	ABI class: X.Org ANSI C Emulation, version 0.4
[    76.327] (II) modeset(0): glamor X acceleration enabled on Mesa Intel(R) HD Graphics 2500 (IVB GT1)
[    76.328] (II) modeset(0): glamor initialized
[    76.328] (==) modeset(0): VariableRefresh: disabled
[    76.328] (==) modeset(0): AsyncFlipSecondaries: disabled
[    76.328] (II) modeset(0): Output LVDS-1 has no monitor section
[    76.330] (II) modeset(0): Output VGA-1 has no monitor section
[    76.331] (II) modeset(0): Output HDMI-1 has no monitor section
[    76.331] (II) modeset(0): Output DP-1 has no monitor section
[    76.332] (II) modeset(0): EDID for output LVDS-1
[    76.332] (II) modeset(0): Manufacturer: LGD  Model: 33c  Serial#: 0
[    76.332] (II) modeset(0): Year: 2012  Week: 0
[    76.332] (II) modeset(0): EDID Version: 1.3
[    76.332] (II) modeset(0): Digital Display Input
[    76.332] (II) modeset(0): Max Image Size [cm]: horiz.: 31  vert.: 17
[    76.332] (II) modeset(0): Gamma: 2.20
[    76.332] (II) modeset(0): No DPMS capabilities specified
[    76.333] (II) modeset(0): Supported color encodings: RGB 4:4:4 YCrCb 4:4:4 
[    76.333] (II) modeset(0): First detailed timing is preferred mode
[    76.333] (II) modeset(0): redX: 0.588 redY: 0.346   greenX: 0.342 greenY: 0.556
[    76.333] (II) modeset(0): blueX: 0.156 blueY: 0.123   whiteX: 0.313 whiteY: 0.329
[    76.333] (II) modeset(0): Manufacturer's mask: 0
[    76.333] (II) modeset(0): Supported detailed timing:
[    76.333] (II) modeset(0): clock: 77.5 MHz   Image Size:  309 x 174 mm
[    76.333] (II) modeset(0): h_active: 1366  h_sync: 1402  h_sync_end 1450 h_blank_end 1566 h_border: 0
[    76.333] (II) modeset(0): v_active: 768  v_sync: 771  v_sync_end 776 v_blanking: 824 v_border: 0
[    76.333] (II) modeset(0):  LG Display
[    76.333] (II) modeset(0):  LP140WH4-TLN1
[    76.333] (II) modeset(0): EDID (in hex):
[    76.333] (II) modeset(0): 	00ffffffffffff0030e43c0300000000
[    76.333] (II) modeset(0): 	00160103801f11780aa9259658578e28
[    76.333] (II) modeset(0): 	1f505400000001010101010101010101
[    76.333] (II) modeset(0): 	010101010101461e56c8500038302430
[    76.333] (II) modeset(0): 	350035ae100000190000000000000000
[    76.333] (II) modeset(0): 	00000000000000000000000000fe004c
[    76.333] (II) modeset(0): 	4720446973706c61790a2020000000fe
[    76.333] (II) modeset(0): 	004c503134305748342d544c4e3100dd
[    76.334] (II) modeset(0): Printing probed modes for output LVDS-1
[    76.334] (II) modeset(0): Modeline "1366x768"x60.1   77.50  1366 1402 1450 1566  768 771 776 824 -hsync -vsync (49.5 kHz eP)
[    76.334] (II) modeset(0): Modeline "1280x720"x120.0  156.12  1280 1376 1512 1744  720 721 724 746 doublescan -hsync +vsync (89.5 kHz d)
[    76.334] (II) modeset(0): Modeline "1280x720"x120.0  120.75  1280 1304 1320 1360  720 721 724 740 doublescan +hsync -vsync (88.8 kHz d)
[    76.334] (II) modeset(0): Modeline "1280x720"x59.9   74.50  1280 1344 1472 1664  720 723 728 748 -hsync +vsync (44.8 kHz d)
[    76.334] (II) modeset(0): Modeline "1280x720"x59.7   63.75  1280 1328 1360 1440  720 723 728 741 +hsync -vsync (44.3 kHz d)
[    76.334] (II) modeset(0): Modeline "1024x768"x120.1  133.47  1024 1100 1212 1400  768 768 770 794 doublescan -hsync +vsync (95.3 kHz d)
[    76.334] (II) modeset(0): Modeline "1024x768"x60.0   65.00  1024 1048 1184 1344  768 771 777 806 -hsync -vsync (48.4 kHz d)
[    76.334] (II) modeset(0): Modeline "960x720"x120.0  117.00  960 1024 1128 1300  720 720 722 750 doublescan -hsync +vsync (90.0 kHz d)
[    76.334] (II) modeset(0): Modeline "928x696"x120.1  109.15  928 976 1088 1264  696 696 698 719 doublescan -hsync +vsync (86.4 kHz d)
[    76.334] (II) modeset(0): Modeline "896x672"x120.0  102.40  896 960 1060 1224  672 672 674 697 doublescan -hsync +vsync (83.7 kHz d)
[    76.334] (II) modeset(0): Modeline "1024x576"x119.9   98.50  1024 1092 1200 1376  576 577 580 597 doublescan -hsync +vsync (71.6 kHz d)
[    76.334] (II) modeset(0): Modeline "1024x576"x119.9   78.38  1024 1048 1064 1104  576 577 580 592 doublescan +hsync -vsync (71.0 kHz d)
[    76.334] (II) modeset(0): Modeline "1024x576"x59.9   46.50  1024 1064 1160 1296  576 579 584 599 -hsync +vsync (35.9 kHz d)
[    76.334] (II) modeset(0): Modeline "1024x576"x59.8   42.00  1024 1072 1104 1184  576 579 584 593 +hsync -vsync (35.5 kHz d)
[    76.334] (II) modeset(0): Modeline "960x600"x119.9   96.62  960 1028 1128 1296  600 601 604 622 doublescan -hsync +vsync (74.6 kHz d)
[    76.334] (II) modeset(0): Modeline "960x600"x120.0   77.00  960 984 1000 1040  600 601 604 617 doublescan +hsync -vsync (74.0 kHz d)
[    76.334] (II) modeset(0): Modeline "960x540"x119.9   86.50  960 1024 1124 1288  540 541 544 560 doublescan -hsync +vsync (67.2 kHz d)
[    76.334] (II) modeset(0): Modeline "960x540"x120.0   69.25  960 984 1000 1040  540 541 544 555 doublescan +hsync -vsync (66.6 kHz d)
[    76.334] (II) modeset(0): Modeline "960x540"x59.6   40.75  960 992 1088 1216  540 543 548 562 -hsync +vsync (33.5 kHz d)
[    76.334] (II) modeset(0): Modeline "960x540"x59.8   37.25  960 1008 1040 1120  540 543 548 556 +hsync -vsync (33.3 kHz d)
[    76.334] (II) modeset(0): Modeline "800x600"x120.0   81.00  800 832 928 1080  600 600 602 625 doublescan +hsync +vsync (75.0 kHz d)
[    76.334] (II) modeset(0): Modeline "800x600"x60.3   40.00  800 840 968 1056  600 601 605 628 +hsync +vsync (37.9 kHz d)
[    76.334] (II) modeset(0): Modeline "800x600"x56.2   36.00  800 824 896 1024  600 601 603 625 +hsync +vsync (35.2 kHz d)
[    76.334] (II) modeset(0): Modeline "840x525"x120.0   73.12  840 892 980 1120  525 526 529 544 doublescan -hsync +vsync (65.3 kHz d)
[    76.334] (II) modeset(0): Modeline "840x525"x119.8   59.50  840 864 880 920  525 526 529 540 doublescan +hsync -vsync (64.7 kHz d)
[    76.334] (II) modeset(0): Modeline "864x486"x59.9   32.50  864 888 968 1072  486 489 494 506 -hsync +vsync (30.3 kHz d)
[    76.334] (II) modeset(0): Modeline "864x486"x59.6   30.50  864 912 944 1024  486 489 494 500 +hsync -vsync (29.8 kHz d)
[    76.334] (II) modeset(0): Modeline "700x525"x120.0   61.00  700 744 820 940  525 526 532 541 doublescan +hsync +vsync (64.9 kHz d)
[    76.334] (II) modeset(0): Modeline "800x450"x119.9   59.12  800 848 928 1056  450 451 454 467 doublescan -hsync +vsync (56.0 kHz d)
[    76.334] (II) modeset(0): Modeline "800x450"x119.6   48.75  800 824 840 880  450 451 454 463 doublescan +hsync -vsync (55.4 kHz d)
[    76.334] (II) modeset(0): Modeline "640x512"x120.0   54.00  640 664 720 844  512 512 514 533 doublescan +hsync +vsync (64.0 kHz d)
[    76.334] (II) modeset(0): Modeline "700x450"x119.9   51.75  700 740 812 924  450 451 456 467 doublescan -hsync +vsync (56.0 kHz d)
[    76.334] (II) modeset(0): Modeline "700x450"x119.8   43.25  700 724 740 780  450 451 456 463 doublescan +hsync -vsync (55.4 kHz d)
[    76.334] (II) modeset(0): Modeline "640x480"x120.0   54.00  640 688 744 900  480 480 482 500 doublescan +hsync +vsync (60.0 kHz d)
[    76.334] (II) modeset(0): Modeline "640x480"x59.9   25.18  640 656 752 800  480 490 492 525 -hsync -vsync (31.5 kHz d)
[    76.335] (II) modeset(0): Modeline "720x405"x59.5   22.50  720 744 808 896  405 408 413 422 -hsync +vsync (25.1 kHz d)
[    76.335] (II) modeset(0): Modeline "720x405"x59.0   21.75  720 768 800 880  405 408 413 419 +hsync -vsync (24.7 kHz d)
[    76.335] (II) modeset(0): Modeline "684x384"x119.8   42.62  684 720 788 892  384 385 390 399 doublescan -hsync +vsync (47.8 kHz d)
[    76.335] (II) modeset(0): Modeline "684x384"x119.7   36.12  684 708 724 764  384 385 390 395 doublescan +hsync -vsync (47.3 kHz d)
[    76.335] (II) modeset(0): Modeline "640x400"x119.8   41.75  640 676 740 840  400 401 404 415 doublescan -hsync +vsync (49.7 kHz d)
[    76.335] (II) modeset(0): Modeline "640x400"x120.0   35.50  640 664 680 720  400 401 404 411 doublescan +hsync -vsync (49.3 kHz d)
[    76.335] (II) modeset(0): Modeline "640x360"x119.7   37.25  640 672 736 832  360 361 364 374 doublescan -hsync +vsync (44.8 kHz d)
[    76.335] (II) modeset(0): Modeline "640x360"x119.7   31.88  640 664 680 720  360 361 364 370 doublescan +hsync -vsync (44.3 kHz d)
[    76.335] (II) modeset(0): Modeline "640x360"x59.8   18.00  640 664 720 800  360 363 368 376 -hsync +vsync (22.5 kHz d)
[    76.335] (II) modeset(0): Modeline "640x360"x59.3   17.75  640 688 720 800  360 363 368 374 +hsync -vsync (22.2 kHz d)
[    76.335] (II) modeset(0): Modeline "512x384"x120.0   32.50  512 524 592 672  384 385 388 403 doublescan -hsync -vsync (48.4 kHz d)
[    76.335] (II) modeset(0): Modeline "512x288"x120.0   23.25  512 532 580 648  288 289 292 299 doublescan -hsync +vsync (35.9 kHz d)
[    76.335] (II) modeset(0): Modeline "512x288"x119.8   21.00  512 536 552 592  288 289 292 296 doublescan +hsync -vsync (35.5 kHz d)
[    76.335] (II) modeset(0): Modeline "480x270"x119.3   20.38  480 496 544 608  270 271 274 281 doublescan -hsync +vsync (33.5 kHz d)
[    76.335] (II) modeset(0): Modeline "480x270"x119.6   18.62  480 504 520 560  270 271 274 278 doublescan +hsync -vsync (33.3 kHz d)
[    76.335] (II) modeset(0): Modeline "400x300"x120.6   20.00  400 420 484 528  300 300 302 314 doublescan +hsync +vsync (37.9 kHz d)
[    76.335] (II) modeset(0): Modeline "400x300"x112.7   18.00  400 412 448 512  300 300 301 312 doublescan +hsync +vsync (35.2 kHz d)
[    76.335] (II) modeset(0): Modeline "432x243"x119.8   16.25  432 444 484 536  243 244 247 253 doublescan -hsync +vsync (30.3 kHz d)
[    76.335] (II) modeset(0): Modeline "432x243"x119.1   15.25  432 456 472 512  243 244 247 250 doublescan +hsync -vsync (29.8 kHz d)
[    76.335] (II) modeset(0): Modeline "320x240"x120.1   12.59  320 328 376 400  240 245 246 262 doublescan -hsync -vsync (31.5 kHz d)
[    76.335] (II) modeset(0): Modeline "360x202"x119.0   11.25  360 372 404 448  202 204 206 211 doublescan -hsync +vsync (25.1 kHz d)
[    76.335] (II) modeset(0): Modeline "360x202"x118.3   10.88  360 384 400 440  202 204 206 209 doublescan +hsync -vsync (24.7 kHz d)
[    76.335] (II) modeset(0): Modeline "320x180"x119.7    9.00  320 332 360 400  180 181 184 188 doublescan -hsync +vsync (22.5 kHz d)
[    76.335] (II) modeset(0): Modeline "320x180"x118.6    8.88  320 344 360 400  180 181 184 187 doublescan +hsync -vsync (22.2 kHz d)
[    76.336] (II) modeset(0): EDID for output VGA-1
[    76.338] (II) modeset(0): EDID for output HDMI-1
[    76.338] (II) modeset(0): EDID for output DP-1
[    76.338] (II) modeset(0): Output LVDS-1 connected
[    76.338] (II) modeset(0): Output VGA-1 disconnected
[    76.338] (II) modeset(0): Output HDMI-1 disconnected
[    76.338] (II) modeset(0): Output DP-1 disconnected
[    76.338] (II) modeset(0): Using exact sizes for initial modes
[    76.338] (II) modeset(0): Output LVDS-1 using initial mode 1366x768 +0+0
[    76.338] (==) modeset(0): Using gamma correction (1.0, 1.0, 1.0)
[    76.338] (==) modeset(0): DPI set to (96, 96)
[    76.338] (II) Loading sub module "fb"
[    76.338] (II) LoadModule: "fb"
[    76.338] (II) Module "fb" already built-in
[    76.338] (II) UnloadModule: "fbdev"
[    76.338] (II) Unloading fbdev
[    76.338] (II) UnloadSubModule: "fbdevhw"
[    76.338] (II) Unloading fbdevhw
[    76.339] (II) UnloadModule: "vesa"
[    76.339] (II) Unloading vesa
[    77.140] (==) modeset(0): Backing store enabled
[    77.141] (==) modeset(0): Silken mouse enabled
[    77.164] (II) modeset(0): Initializing kms color map for depth 24, 8 bpc.
[    77.165] (==) modeset(0): DPMS enabled
[    77.165] (II) modeset(0): [DRI2] Setup complete
[    77.165] (II) modeset(0): [DRI2]   DRI driver: crocus
[    77.165] (II) modeset(0): [DRI2]   VDPAU driver: va_gl
[    77.165] (II) Initializing extension Generic Event Extension
[    77.165] (II) Initializing extension SHAPE
[    77.166] (II) Initializing extension MIT-SHM
[    77.166] (II) Initializing extension XInputExtension
[    77.167] (II) Initializing extension XTEST
[    77.167] (II) Initializing extension BIG-REQUESTS
[    77.167] (II) Initializing extension SYNC
[    77.168] (II) Initializing extension XKEYBOARD
[    77.168] (II) Initializing extension XC-MISC
[    77.168] (II) Initializing extension SECURITY
[    77.169] (II) Initializing extension XFIXES
[    77.169] (II) Initializing extension RENDER
[    77.169] (II) Initializing extension RANDR
[    77.170] (II) Initializing extension COMPOSITE
[    77.170] (II) Initializing extension DAMAGE
[    77.171] (II) Initializing extension MIT-SCREEN-SAVER
[    77.171] (II) Initializing extension DOUBLE-BUFFER
[    77.172] (II) Initializing extension RECORD
[    77.172] (II) Initializing extension DPMS
[    77.172] (II) Initializing extension Present
[    77.173] (II) Initializing extension DRI3
[    77.173] (II) Initializing extension X-Resource
[    77.173] (II) Initializing extension XVideo
[    77.174] (II) Initializing extension XVideo-MotionCompensation
[    77.174] (II) Initializing extension GLX
[    77.193] (II) AIGLX: Loaded and initialized crocus
[    77.193] (II) GLX: Initialized DRI2 GL provider for screen 0
[    77.193] (II) Initializing extension XFree86-VidModeExtension
[    77.194] (II) Initializing extension XFree86-DGA
[    77.194] (II) Initializing extension XFree86-DRI
[    77.194] (II) Initializing extension DRI2
[    77.195] (II) modeset(0): Damage tracking initialized
[    77.195] (II) modeset(0): Setting screen physical size to 361 x 203
[    77.894] (II) config/udev: Adding input device Power Button (/dev/input/event2)
[    77.894] (**) Power Button: Applying InputClass "libinput keyboard catchall"
[    77.894] (II) LoadModule: "libinput"
[    77.894] (II) Loading /usr/lib/xorg/modules/input/libinput_drv.so
[    77.975] (II) Module libinput: vendor="X.Org Foundation"
[    77.975] 	compiled for 1.21.1.8, module version = 1.3.0
[    77.975] 	Module class: X.Org XInput Driver
[    77.975] 	ABI class: X.Org XInput driver, version 24.4
[    77.975] (II) Using input driver 'libinput' for 'Power Button'
[    77.978] (II) systemd-logind: got fd for /dev/input/event2 13:66 fd 27 paused 0
[    77.978] (**) Power Button: always reports core events
[    77.978] (**) Option "Device" "/dev/input/event2"
[    78.020] (II) event2  - Power Button: is tagged by udev as: Keyboard
[    78.021] (II) event2  - Power Button: device is a keyboard
[    78.021] (II) event2  - Power Button: device removed
[    78.021] (**) Option "config_info" "udev:/sys/devices/LNXSYSTM:00/LNXPWRBN:00/input/input2/event2"
[    78.021] (II) XINPUT: Adding extended input device "Power Button" (type: KEYBOARD, id 6)
[    78.022] (II) event2  - Power Button: is tagged by udev as: Keyboard
[    78.022] (II) event2  - Power Button: device is a keyboard
[    78.023] (II) config/udev: Adding input device Video Bus (/dev/input/event4)
[    78.023] (**) Video Bus: Applying InputClass "libinput keyboard catchall"
[    78.023] (II) Using input driver 'libinput' for 'Video Bus'
[    78.025] (II) systemd-logind: got fd for /dev/input/event4 13:68 fd 30 paused 0
[    78.025] (**) Video Bus: always reports core events
[    78.025] (**) Option "Device" "/dev/input/event4"
[    78.026] (II) event4  - Video Bus: is tagged by udev as: Keyboard
[    78.026] (II) event4  - Video Bus: device is a keyboard
[    78.027] (II) event4  - Video Bus: device removed
[    78.027] (**) Option "config_info" "udev:/sys/devices/LNXSYSTM:00/LNXSYBUS:00/PNP0A08:00/LNXVIDEO:00/input/input8/event4"
[    78.027] (II) XINPUT: Adding extended input device "Video Bus" (type: KEYBOARD, id 7)
[    78.028] (II) event4  - Video Bus: is tagged by udev as: Keyboard
[    78.029] (II) event4  - Video Bus: device is a keyboard
[    78.029] (II) config/udev: Adding input device Power Button (/dev/input/event0)
[    78.030] (**) Power Button: Applying InputClass "libinput keyboard catchall"
[    78.030] (II) Using input driver 'libinput' for 'Power Button'
[    78.031] (II) systemd-logind: got fd for /dev/input/event0 13:64 fd 31 paused 0
[    78.031] (**) Power Button: always reports core events
[    78.031] (**) Option "Device" "/dev/input/event0"
[    78.032] (II) event0  - Power Button: is tagged by udev as: Keyboard
[    78.032] (II) event0  - Power Button: device is a keyboard
[    78.033] (II) event0  - Power Button: device removed
[    78.033] (**) Option "config_info" "udev:/sys/devices/LNXSYSTM:00/LNXSYBUS:00/PNP0C0C:00/input/input0/event0"
[    78.033] (II) XINPUT: Adding extended input device "Power Button" (type: KEYBOARD, id 8)
[    78.034] (II) event0  - Power Button: is tagged by udev as: Keyboard
[    78.034] (II) event0  - Power Button: device is a keyboard
[    78.035] (II) config/udev: Adding input device Lid Switch (/dev/input/event1)
[    78.035] (II) No input driver specified, ignoring this device.
[    78.035] (II) This device may have been added with another device file.
[    78.036] (II) config/udev: Adding input device Toshiba input device (/dev/input/event5)
[    78.036] (**) Toshiba input device: Applying InputClass "libinput keyboard catchall"
[    78.036] (II) Using input driver 'libinput' for 'Toshiba input device'
[    78.037] (II) systemd-logind: got fd for /dev/input/event5 13:69 fd 32 paused 0
[    78.037] (**) Toshiba input device: always reports core events
[    78.037] (**) Option "Device" "/dev/input/event5"
[    78.039] (II) event5  - Toshiba input device: is tagged by udev as: Keyboard
[    78.039] (II) event5  - Toshiba input device: device is a keyboard
[    78.039] (II) event5  - Toshiba input device: device removed
[    78.039] (**) Option "config_info" "udev:/sys/devices/LNXSYSTM:00/LNXSYBUS:00/TOS1900:00/input/input11/event5"
[    78.039] (II) XINPUT: Adding extended input device "Toshiba input device" (type: KEYBOARD, id 9)
[    78.041] (II) event5  - Toshiba input device: is tagged by udev as: Keyboard
[    78.041] (II) event5  - Toshiba input device: device is a keyboard
[    78.042] (II) config/udev: Adding input device HDA Intel PCH Mic (/dev/input/event8)
[    78.042] (II) No input driver specified, ignoring this device.
[    78.042] (II) This device may have been added with another device file.
[    78.043] (II) config/udev: Adding input device HDA Intel PCH Headphone (/dev/input/event9)
[    78.043] (II) No input driver specified, ignoring this device.
[    78.043] (II) This device may have been added with another device file.
[    78.043] (II) config/udev: Adding input device HDA Intel PCH HDMI/DP,pcm=3 (/dev/input/event10)
[    78.043] (II) No input driver specified, ignoring this device.
[    78.043] (II) This device may have been added with another device file.
[    78.044] (II) config/udev: Adding input device AT Translated Set 2 keyboard (/dev/input/event3)
[    78.044] (**) AT Translated Set 2 keyboard: Applying InputClass "libinput keyboard catchall"
[    78.044] (II) Using input driver 'libinput' for 'AT Translated Set 2 keyboard'
[    78.046] (II) systemd-logind: got fd for /dev/input/event3 13:67 fd 33 paused 0
[    78.046] (**) AT Translated Set 2 keyboard: always reports core events
[    78.046] (**) Option "Device" "/dev/input/event3"
[    78.048] (II) event3  - AT Translated Set 2 keyboard: is tagged by udev as: Keyboard
[    78.049] (II) event3  - AT Translated Set 2 keyboard: device is a keyboard
[    78.051] (II) event3  - AT Translated Set 2 keyboard: device removed
[    78.051] (**) Option "config_info" "udev:/sys/devices/platform/i8042/serio0/input/input3/event3"
[    78.051] (II) XINPUT: Adding extended input device "AT Translated Set 2 keyboard" (type: KEYBOARD, id 10)
[    78.054] (II) event3  - AT Translated Set 2 keyboard: is tagged by udev as: Keyboard
[    78.054] (II) event3  - AT Translated Set 2 keyboard: device is a keyboard
[    78.057] (II) config/udev: Adding input device SynPS/2 Synaptics TouchPad (/dev/input/event6)
[    78.057] (**) SynPS/2 Synaptics TouchPad: Applying InputClass "libinput touchpad catchall"
[    78.057] (II) Using input driver 'libinput' for 'SynPS/2 Synaptics TouchPad'
[    78.059] (II) systemd-logind: got fd for /dev/input/event6 13:70 fd 34 paused 0
[    78.059] (**) SynPS/2 Synaptics TouchPad: always reports core events
[    78.059] (**) Option "Device" "/dev/input/event6"
[    78.062] (II) event6  - SynPS/2 Synaptics TouchPad: is tagged by udev as: Touchpad
[    78.066] (II) event6  - SynPS/2 Synaptics TouchPad: device is a touchpad
[    78.066] (II) event6  - SynPS/2 Synaptics TouchPad: device removed
[    78.066] (**) Option "Tapping" "on"
[    78.066] (II) libinput: SynPS/2 Synaptics TouchPad: Step value 0 was provided, libinput Fallback acceleration function is used.
[    78.066] (II) libinput: SynPS/2 Synaptics TouchPad: Step value 0 was provided, libinput Fallback acceleration function is used.
[    78.066] (II) libinput: SynPS/2 Synaptics TouchPad: Step value 0 was provided, libinput Fallback acceleration function is used.
[    78.066] (**) Option "NaturalScrolling" "True"
[    78.067] (**) Option "config_info" "udev:/sys/devices/platform/i8042/serio2/input/input10/event6"
[    78.067] (II) XINPUT: Adding extended input device "SynPS/2 Synaptics TouchPad" (type: TOUCHPAD, id 11)
[    78.069] (**) Option "AccelerationScheme" "none"
[    78.069] (**) SynPS/2 Synaptics TouchPad: (accel) selected scheme none/0
[    78.069] (**) SynPS/2 Synaptics TouchPad: (accel) acceleration factor: 2.000
[    78.069] (**) SynPS/2 Synaptics TouchPad: (accel) acceleration threshold: 4
[    78.072] (II) event6  - SynPS/2 Synaptics TouchPad: is tagged by udev as: Touchpad
[    78.075] (II) event6  - SynPS/2 Synaptics TouchPad: device is a touchpad
[    78.076] (II) config/udev: Adding input device SynPS/2 Synaptics TouchPad (/dev/input/mouse0)
[    78.077] (II) No input driver specified, ignoring this device.
[    78.077] (II) This device may have been added with another device file.
[    78.077] (II) config/udev: Adding input device PC Speaker (/dev/input/event7)
[    78.077] (II) No input driver specified, ignoring this device.
[    78.077] (II) This device may have been added with another device file.
[    82.193] (II) modeset(0): EDID vendor "LGD", prod id 828
[    82.193] (II) modeset(0): Printing DDC gathered Modelines:
[    82.193] (II) modeset(0): Modeline "1366x768"x0.0   77.50  1366 1402 1450 1566  768 771 776 824 -hsync -vsync (49.5 kHz eP)
[    82.226] (II) modeset(0): EDID vendor "LGD", prod id 828
[    82.226] (II) modeset(0): Printing DDC gathered Modelines:
[    82.226] (II) modeset(0): Modeline "1366x768"x0.0   77.50  1366 1402 1450 1566  768 771 776 824 -hsync -vsync (49.5 kHz eP)
[   172.663] (II) modeset(0): EDID vendor "LGD", prod id 828
[   172.663] (II) modeset(0): Printing DDC gathered Modelines:
[   172.663] (II) modeset(0): Modeline "1366x768"x0.0   77.50  1366 1402 1450 1566  768 771 776 824 -hsync -vsync (49.5 kHz eP)
[   199.315] (II) Axis 0x1 value 1168 is outside expected range [1244, 4843]
See https://wayland.freedesktop.org/libinput/doc/1.23.0/absolute_coordinate_ranges.html for details
[   199.623] (II) modeset(0): EDID vendor "LGD", prod id 828
[   199.623] (II) modeset(0): Printing DDC gathered Modelines:
[   199.623] (II) modeset(0): Modeline "1366x768"x0.0   77.50  1366 1402 1450 1566  768 771 776 824 -hsync -vsync (49.5 kHz eP)
[  1148.626] (II) modeset(0): EDID vendor "LGD", prod id 828
[  1148.626] (II) modeset(0): Printing DDC gathered Modelines:
[  1148.626] (II) modeset(0): Modeline "1366x768"x0.0   77.50  1366 1402 1450 1566  768 771 776 824 -hsync -vsync (49.5 kHz eP)
[  1148.660] (II) modeset(0): EDID vendor "LGD", prod id 828
[  1148.660] (II) modeset(0): Printing DDC gathered Modelines:
[  1148.660] (II) modeset(0): Modeline "1366x768"x0.0   77.50  1366 1402 1450 1566  768 771 776 824 -hsync -vsync (49.5 kHz eP)
